{
  "RSpec": {
    "coverage": {
      "/home/wolfene2001/tic-tac-toe-rb-online-web-sp-000/lib/tic_tac_toe.rb": [
        null,
        1,
        null,
        null,
        null,
        null,
        1,
        null,
        1,
        5,
        5,
        5,
        5,
        5,
        null,
        1,
        18633,
        null,
        null,
        1,
        3,
        null,
        null,
        null,
        1,
        9321,
        null,
        1,
        null,
        9317,
        null,
        null,
        null,
        1,
        18631,
        0,
        null,
        18631,
        null,
        null,
        null,
        1,
        18632,
        18630,
        18630,
        null,
        18630,
        0,
        0,
        null,
        18630,
        null,
        null,
        null,
        1,
        3,
        3,
        27,
        7,
        null,
        null,
        3,
        null,
        null,
        1,
        1,
        0,
        1,
        1,
        null,
        null,
        null,
        1,
        7,
        50,
        null,
        null,
        null,
        null,
        null,
        null,
        null,
        1,
        10,
        62,
        4,
        null,
        null,
        6,
        null,
        null,
        null,
        null,
        null,
        1,
        8,
        3,
        null,
        3,
        null,
        null,
        null,
        1,
        3,
        1,
        null,
        1,
        null,
        null,
        null,
        1,
        0,
        0,
        null,
        null
      ]
    },
    "timestamp": 1569089457
  }
}
